\BOOKMARK [-1][-]{part.2}{\376\377\000I\000\040\000T\000h\000e\000\040\000c\000i\000r\000c\000u\000i\000t\000\040\000f\000o\000r\000m\000a\000l\000i\000s\000m}{}% 1
\BOOKMARK [0][-]{chapter.3}{\376\377\000C\000i\000r\000c\000u\000i\000t\000s\000\040\000a\000n\000d\000\040\000c\000i\000r\000c\000u\000i\000t\000\040\000t\000o\000p\000o\000l\000o\000g\000i\000e\000s}{part.2}% 2
\BOOKMARK [0][-]{chapter.4}{}{part.2}% 3
\BOOKMARK [-1][-]{part.5}{\376\377\000I\000I\000\040\000I\000n\000t\000r\000o\000d\000u\000c\000i\000n\000g\000\040\000s\000o\000m\000e\000\040\000b\000a\000s\000i\000c\000\040\000i\000d\000e\000a\000s}{}% 4
\BOOKMARK [0][-]{chapter.6}{\376\377\000D\000i\000f\000f\000e\000r\000e\000n\000t\000\040\000t\000y\000p\000e\000s\000\040\000o\000f\000\040\000c\000i\000r\000c\000u\000i\000t\000s}{part.5}% 5
\BOOKMARK [1][-]{section.7}{\376\377\000B\000a\000s\000i\000c\000\040\000c\000i\000r\000c\000u\000i\000t\000s}{chapter.6}% 6
\BOOKMARK [2][-]{subsection.8}{\376\377\000W\000i\000r\000e\000s}{section.7}% 7
\BOOKMARK [2][-]{subsection.9}{\376\377\000S\000e\000r\000i\000e\000s\000\040\000c\000i\000r\000c\000u\000i\000t\000s}{section.7}% 8
\BOOKMARK [2][-]{subsection.10}{\376\377\000P\000a\000r\000a\000l\000l\000e\000l\000\040\000c\000i\000r\000c\000u\000i\000t\000s}{section.7}% 9
\BOOKMARK [1][-]{section.11}{\376\377\000I\000n\000t\000e\000g\000r\000a\000t\000e\000d\000\040\000c\000i\000r\000c\000u\000i\000t\000s}{chapter.6}% 10
\BOOKMARK [1][-]{section.12}{\376\377\000C\000i\000r\000c\000u\000i\000t\000\040\000b\000o\000a\000r\000d\000s}{chapter.6}% 11
\BOOKMARK [1][-]{section.13}{\376\377\000I\000n\000s\000i\000d\000e\000\040\000a\000c\000t\000u\000a\000l\000\040\000e\000l\000e\000c\000t\000r\000o\000n\000i\000c\000\040\000d\000e\000v\000i\000c\000e\000s}{chapter.6}% 12
\BOOKMARK [0][-]{chapter.14}{\376\377\000D\000e\000s\000c\000r\000i\000b\000i\000n\000g\000\040\000s\000o\000u\000r\000c\000e\000s\000:\000\040\000A\000C\000\040\000/\000\040\000D\000C}{part.5}% 13
\BOOKMARK [0][-]{chapter.15}{\376\377\000T\000r\000a\000n\000s\000i\000e\000n\000t\000s}{part.5}% 14
\BOOKMARK [0][-]{chapter.16}{\376\377\000T\000h\000e\000\040\000b\000a\000r\000e\000\040\000m\000i\000n\000i\000m\000u\000m\000\040\000o\000f\000\040\000p\000r\000a\000c\000t\000i\000c\000a\000l\000\040\000t\000i\000p\000s}{part.5}% 15
\BOOKMARK [1][-]{section.17}{\376\377\000M\000e\000a\000s\000u\000r\000i\000n\000g\000\040\000w\000i\000t\000h\000\040\000a\000\040\000m\000u\000l\000t\000i\000m\000e\000t\000e\000r}{chapter.16}% 16
\BOOKMARK [1][-]{section.18}{\376\377\000M\000a\000i\000n\000s\000\040\000p\000o\000w\000e\000r}{chapter.16}% 17
\BOOKMARK [-1][-]{part.19}{\376\377\000I\000I\000I\000\040\000A\000n\000a\000l\000o\000g\000\040\000e\000l\000e\000c\000t\000r\000o\000n\000i\000c\000s}{}% 18
\BOOKMARK [0][-]{chapter.20}{\376\377\000I\000d\000e\000a\000l\000\040\000l\000i\000n\000e\000a\000r\000\040\000c\000o\000m\000p\000o\000n\000e\000n\000t\000s}{part.19}% 19
\BOOKMARK [1][-]{section.21}{\376\377\000V\000o\000l\000t\000a\000g\000e\000\040\000a\000n\000d\000\040\000c\000u\000r\000r\000e\000n\000t\000\040\000s\000o\000u\000r\000c\000e\000s}{chapter.20}% 20
\BOOKMARK [1][-]{section.22}{\376\377\000R\000e\000s\000i\000s\000t\000o\000r\000s}{chapter.20}% 21
\BOOKMARK [2][-]{subsection.23}{\376\377\000O\000h\000m\000'\000s\000\040\000l\000a\000w}{section.22}% 22
\BOOKMARK [2][-]{subsection.24}{\376\377\000P\000o\000t\000e\000n\000t\000i\000o\000m\000e\000t\000e\000r\000s}{section.22}% 23
\BOOKMARK [2][-]{subsection.25}{\376\377\000R\000e\000s\000i\000s\000t\000o\000r\000s\000\040\000i\000n\000\040\000c\000i\000r\000c\000u\000i\000t\000s}{section.22}% 24
\BOOKMARK [3][-]{subsubsection.26}{\376\377\000R\000e\000s\000i\000s\000t\000o\000r\000s\000\040\000i\000n\000\040\000p\000a\000r\000a\000l\000l\000e\000l}{subsection.25}% 25
\BOOKMARK [3][-]{subsubsection.27}{\376\377\000R\000e\000s\000i\000s\000t\000o\000r\000s\000\040\000i\000n\000\040\000s\000e\000r\000i\000e\000s}{subsection.25}% 26
\BOOKMARK [4][-]{section*.28}{\376\377\000V\000o\000l\000t\000a\000g\000e\000\040\000d\000i\000v\000i\000d\000e\000r}{subsubsection.27}% 27
\BOOKMARK [1][-]{section.29}{\376\377\000C\000a\000p\000a\000c\000i\000t\000o\000r\000s}{chapter.20}% 28
\BOOKMARK [2][-]{subsection.30}{\376\377\000C\000a\000p\000a\000c\000i\000t\000o\000r\000s\000\040\000i\000n\000\040\000c\000i\000r\000c\000u\000i\000t\000s}{section.29}% 29
\BOOKMARK [3][-]{subsubsection.31}{\376\377\000C\000a\000p\000a\000c\000i\000t\000o\000r\000s\000\040\000i\000n\000\040\000p\000a\000r\000a\000l\000l\000e\000l}{subsection.30}% 30
\BOOKMARK [3][-]{subsubsection.32}{\376\377\000C\000a\000p\000a\000c\000i\000t\000o\000r\000s\000\040\000i\000n\000\040\000s\000e\000r\000i\000e\000s}{subsection.30}% 31
\BOOKMARK [4][-]{section*.33}{\376\377\000C\000a\000p\000a\000c\000i\000t\000i\000v\000e\000\040\000d\000i\000v\000i\000d\000e\000r}{subsubsection.32}% 32
\BOOKMARK [2][-]{subsection.34}{\376\377\000C\000a\000p\000a\000c\000i\000t\000i\000v\000e\000\040\000r\000e\000a\000c\000t\000a\000n\000c\000e}{section.29}% 33
\BOOKMARK [2][-]{subsection.35}{\376\377\000Q\000u\000a\000l\000i\000t\000y\000\040\000f\000a\000c\000t\000o\000r}{section.29}% 34
\BOOKMARK [1][-]{section.36}{\376\377\000I\000n\000d\000u\000c\000t\000o\000r\000s}{chapter.20}% 35
\BOOKMARK [2][-]{subsection.37}{\376\377\000I\000n\000d\000u\000c\000t\000o\000r\000s\000\040\000i\000n\000\040\000c\000i\000r\000c\000u\000i\000t\000s}{section.36}% 36
\BOOKMARK [3][-]{subsubsection.38}{\376\377\000I\000n\000d\000u\000c\000t\000o\000r\000s\000\040\000i\000n\000\040\000p\000a\000r\000a\000l\000l\000e\000l}{subsection.37}% 37
\BOOKMARK [3][-]{subsubsection.39}{\376\377\000I\000n\000d\000u\000c\000t\000o\000r\000s\000\040\000i\000n\000\040\000s\000e\000r\000i\000e\000s}{subsection.37}% 38
\BOOKMARK [2][-]{subsection.40}{\376\377\000I\000n\000d\000u\000c\000t\000i\000v\000e\000\040\000r\000e\000a\000c\000t\000a\000n\000c\000e}{section.36}% 39
\BOOKMARK [2][-]{subsection.41}{\376\377\000Q\000u\000a\000l\000i\000t\000y\000\040\000f\000a\000c\000t\000o\000r}{section.36}% 40
\BOOKMARK [2][-]{subsection.42}{\376\377\000U\000n\000w\000a\000n\000t\000e\000d\000\040\000c\000o\000u\000p\000l\000i\000n\000g\000:\000\040\000s\000p\000i\000k\000e\000s}{section.36}% 41
\BOOKMARK [1][-]{section.43}{\376\377\000T\000r\000a\000n\000s\000f\000o\000r\000m\000e\000r\000s}{chapter.20}% 42
\BOOKMARK [1][-]{section.44}{\376\377\000C\000r\000y\000s\000t\000a\000l\000s\000\040\000a\000n\000d\000\040\000r\000e\000s\000o\000n\000a\000t\000o\000r\000s}{chapter.20}% 43
\BOOKMARK [0][-]{chapter.45}{\376\377\000A\000n\000a\000l\000y\000s\000i\000s\000\040\000o\000f\000\040\000l\000i\000n\000e\000a\000r\000\040\000c\000i\000r\000c\000u\000i\000t\000s}{part.19}% 44
\BOOKMARK [1][-]{section.46}{\376\377\000K\000i\000r\000c\000h\000h\000o\000f\000f\000'\000s\000\040\000l\000a\000w\000s}{chapter.45}% 45
\BOOKMARK [2][-]{subsection.47}{\376\377\000V\000o\000l\000t\000a\000g\000e\000\040\000l\000a\000w\000\040\000o\000r\000\040\000l\000o\000o\000p\000\040\000r\000u\000l\000e}{section.46}% 46
\BOOKMARK [2][-]{subsection.48}{\376\377\000C\000u\000r\000r\000e\000n\000t\000\040\000l\000a\000w\000\040\000o\000r\000\040\000j\000u\000n\000c\000t\000i\000o\000n\000\040\000r\000u\000l\000e}{section.46}% 47
\BOOKMARK [2][-]{subsection.49}{\376\377\000R\000e\000s\000u\000l\000t\000:\000\040\000s\000y\000s\000t\000e\000m\000s\000\040\000o\000f\000\040\000l\000i\000n\000e\000a\000r\000\040\000e\000q\000u\000a\000t\000i\000o\000n\000s}{section.46}% 48
\BOOKMARK [1][-]{section.50}{\376\377\000S\000u\000p\000e\000r\000p\000o\000s\000i\000t\000i\000o\000n\000\040\000p\000r\000i\000n\000c\000i\000p\000l\000e}{chapter.45}% 49
\BOOKMARK [1][-]{section.51}{\376\377\000T\000h\000\351\000v\000e\000n\000i\000n\000'\000s\000\040\000a\000n\000d\000\040\000N\000o\000r\000t\000o\000n\000'\000s\000\040\000t\000h\000e\000o\000r\000e\000m\000s}{chapter.45}% 50
\BOOKMARK [2][-]{subsection.52}{\376\377\000T\000h\000\351\000v\000e\000n\000i\000n\000'\000s\000\040\000t\000h\000e\000o\000r\000e\000m}{section.51}% 51
\BOOKMARK [2][-]{subsection.53}{\376\377\000N\000o\000r\000t\000o\000n\000'\000s\000\040\000t\000h\000e\000o\000r\000e\000m}{section.51}% 52
\BOOKMARK [2][-]{subsection.54}{\376\377\000N\000o\000d\000a\000l\000\040\000a\000n\000a\000l\000y\000s\000i\000s}{section.51}% 53
\BOOKMARK [2][-]{subsection.55}{\376\377\000M\000e\000s\000h\000\040\000a\000n\000a\000l\000y\000s\000i\000s}{section.51}% 54
\BOOKMARK [1][-]{section.56}{\376\377\000P\000o\000w\000e\000r\000\040\000i\000n\000\040\000A\000C\000\040\000c\000i\000r\000c\000u\000i\000t\000s}{chapter.45}% 55
\BOOKMARK [2][-]{subsection.57}{\376\377\000P\000o\000w\000e\000r\000\040\000f\000a\000c\000t\000o\000r}{section.56}% 56
\BOOKMARK [1][-]{section.58}{\376\377\000C\000i\000r\000c\000u\000i\000t\000s\000\040\000w\000i\000t\000h\000\040\000s\000i\000n\000u\000s\000o\000i\000d\000a\000l\000\040\000s\000o\000u\000r\000c\000e\000s}{chapter.45}% 57
\BOOKMARK [1][-]{section.59}{\376\377\000C\000i\000r\000c\000u\000i\000t\000s\000\040\000w\000i\000t\000h\000\040\000p\000e\000r\000i\000o\000d\000i\000c\000\040\000n\000o\000n\000-\000s\000i\000n\000u\000s\000o\000i\000d\000a\000l\000\040\000s\000o\000u\000r\000c\000e\000s}{chapter.45}% 58
\BOOKMARK [0][-]{chapter.60}{\376\377\000E\000l\000e\000m\000e\000n\000t\000s\000\040\000o\000f\000\040\000c\000i\000r\000c\000u\000i\000t\000s}{part.19}% 59
\BOOKMARK [1][-]{section.61}{\376\377\000R\000e\000s\000o\000n\000a\000n\000c\000e}{chapter.60}% 60
\BOOKMARK [2][-]{subsection.62}{\376\377\000S\000e\000r\000i\000e\000s\000-\000r\000e\000s\000o\000n\000a\000n\000t\000\040\000c\000i\000r\000c\000u\000i\000t\000s}{section.61}% 61
\BOOKMARK [3][-]{subsubsection.63}{\376\377\000L\000C}{subsection.62}% 62
\BOOKMARK [3][-]{subsubsection.64}{\376\377\000L\000R\000C}{subsection.62}% 63
\BOOKMARK [3][-]{subsubsection.65}{\376\377\000B\000a\000n\000d\000w\000i\000d\000t\000h}{subsection.62}% 64
\BOOKMARK [3][-]{subsubsection.66}{\376\377\000Q\000u\000a\000l\000i\000t\000y\000\040\000f\000a\000c\000t\000o\000r}{subsection.62}% 65
\BOOKMARK [2][-]{subsection.67}{\376\377\000P\000a\000r\000a\000l\000l\000e\000l\000-\000r\000e\000s\000o\000n\000a\000n\000t\000\040\000\050\000a\000n\000t\000i\000r\000e\000s\000o\000n\000a\000n\000t\000\051\000\040\000c\000i\000r\000c\000u\000i\000t\000s}{section.61}% 66
\BOOKMARK [3][-]{subsubsection.68}{\376\377\000L\000C}{subsection.67}% 67
\BOOKMARK [3][-]{subsubsection.69}{\376\377\000L\000R\000C}{subsection.67}% 68
\BOOKMARK [3][-]{subsubsection.70}{\376\377\000B\000a\000n\000d\000w\000i\000d\000t\000h}{subsection.67}% 69
\BOOKMARK [3][-]{subsubsection.71}{\376\377\000Q\000u\000a\000l\000i\000t\000y\000\040\000f\000a\000c\000t\000o\000r}{subsection.67}% 70
\BOOKMARK [1][-]{section.72}{\376\377\000I\000n\000p\000u\000t\000\040\000a\000n\000d\000\040\000o\000u\000t\000p\000u\000t\000\040\000i\000m\000p\000e\000d\000a\000n\000c\000e}{chapter.60}% 71
\BOOKMARK [1][-]{section.73}{\376\377\000F\000i\000l\000t\000e\000r\000s}{chapter.60}% 72
\BOOKMARK [2][-]{subsection.74}{\376\377\000P\000a\000s\000s\000i\000v\000e\000\040\000f\000i\000l\000t\000e\000r}{section.73}% 73
\BOOKMARK [3][-]{subsubsection.75}{\376\377\000L\000o\000w\000-\000p\000a\000s\000s\000\040\000f\000i\000l\000t\000e\000r\000s}{subsection.74}% 74
\BOOKMARK [3][-]{subsubsection.76}{\376\377\000H\000i\000g\000h\000-\000p\000a\000s\000s\000\040\000f\000i\000l\000t\000e\000r\000s}{subsection.74}% 75
\BOOKMARK [3][-]{subsubsection.77}{\376\377\000B\000a\000n\000d\000p\000a\000s\000s\000\040\000f\000i\000l\000t\000e\000r\000s}{subsection.74}% 76
\BOOKMARK [3][-]{subsubsection.78}{\376\377\000N\000o\000t\000c\000h\000\040\000f\000i\000l\000t\000e\000r\000s}{subsection.74}% 77
\BOOKMARK [3][-]{subsubsection.79}{\376\377\000S\000p\000e\000a\000k\000e\000r\000\040\000c\000r\000o\000s\000s\000o\000v\000e\000r\000\040\000n\000e\000t\000w\000o\000r\000k}{subsection.74}% 78
\BOOKMARK [2][-]{subsection.80}{\376\377\000A\000c\000t\000i\000v\000e\000\040\000f\000i\000l\000t\000e\000r\000s}{section.73}% 79
\BOOKMARK [3][-]{subsubsection.81}{\376\377\000L\000o\000w\000-\000p\000a\000s\000s\000\040\000R\000C\000\040\000a\000c\000t\000i\000v\000e\000\040\000a\000u\000d\000i\000o\000\040\000f\000i\000l\000t\000e\000r}{subsection.80}% 80
\BOOKMARK [3][-]{subsubsection.82}{\376\377\000H\000i\000g\000h\000-\000p\000a\000s\000s\000\040\000R\000C\000\040\000a\000c\000t\000i\000v\000e\000\040\000a\000u\000d\000i\000o\000\040\000f\000i\000l\000t\000e\000r}{subsection.80}% 81
\BOOKMARK [1][-]{section.83}{\376\377\000R\000C\000\040\000r\000i\000p\000p\000l\000e\000\040\000f\000i\000l\000t\000e\000r}{chapter.60}% 82
\BOOKMARK [1][-]{section.84}{\376\377\000A\000t\000t\000e\000n\000u\000a\000t\000o\000r\000s}{chapter.60}% 83
\BOOKMARK [1][-]{section.85}{\376\377\000C\000o\000u\000p\000l\000i\000n\000g\000\040\000a\000n\000d\000\040\000D\000C\000\040\000b\000l\000o\000c\000k\000i\000n\000g}{chapter.60}% 84
\BOOKMARK [1][-]{section.86}{\376\377\000B\000y\000p\000a\000s\000s\000i\000n\000g}{chapter.60}% 85
\BOOKMARK [1][-]{section.87}{\376\377\000A\000r\000c\000\040\000s\000u\000p\000p\000r\000e\000s\000s\000i\000o\000n}{chapter.60}% 86
\BOOKMARK [1][-]{section.88}{\376\377\000S\000w\000i\000t\000c\000h\000i\000n\000g\000\040\000r\000e\000g\000u\000l\000a\000t\000o\000r\000s}{chapter.60}% 87
\BOOKMARK [0][-]{chapter.89}{\376\377\000N\000o\000n\000-\000i\000d\000e\000a\000l\000\040\000c\000o\000m\000p\000o\000n\000e\000n\000t\000s\000\040\000a\000n\000d\000\040\000m\000o\000d\000e\000l\000s}{part.19}% 88
\BOOKMARK [1][-]{section.90}{\376\377\000W\000i\000r\000e\000s}{chapter.89}% 89
\BOOKMARK [2][-]{subsection.91}{\376\377\000N\000o\000n\000-\000i\000d\000e\000a\000l\000\040\000b\000e\000h\000a\000v\000i\000o\000u\000r}{section.90}% 90
\BOOKMARK [3][-]{subsubsection.92}{\376\377\000W\000i\000r\000e\000\040\000r\000e\000s\000i\000s\000t\000a\000n\000c\000e}{subsection.91}% 91
\BOOKMARK [3][-]{subsubsection.93}{\376\377\000W\000i\000r\000e\000\040\000i\000n\000d\000u\000c\000t\000a\000n\000c\000e}{subsection.91}% 92
\BOOKMARK [3][-]{subsubsection.94}{\376\377\000S\000k\000i\000n\000\040\000e\000f\000f\000e\000c\000t}{subsection.91}% 93
\BOOKMARK [3][-]{subsubsection.95}{\376\377\000C\000a\000b\000l\000e\000\040\000i\000m\000p\000e\000d\000a\000n\000c\000e}{subsection.91}% 94
\BOOKMARK [4][-]{section*.96}{\376\377\000I\000n\000d\000u\000c\000t\000a\000n\000c\000e}{subsubsection.95}% 95
\BOOKMARK [4][-]{section*.97}{\376\377\000C\000a\000p\000a\000c\000i\000t\000a\000n\000c\000e}{subsubsection.95}% 96
\BOOKMARK [4][-]{section*.98}{\376\377\000I\000m\000p\000e\000d\000a\000n\000c\000e\000\040\000m\000a\000t\000c\000h\000i\000n\000g}{subsubsection.95}% 97
\BOOKMARK [5][-]{section*.99}{\376\377\000C\000i\000r\000c\000u\000i\000t\000\040\000s\000o\000l\000u\000t\000i\000o\000n\000s}{section*.98}% 98
\BOOKMARK [2][-]{subsection.100}{\376\377\000F\000o\000r\000m\000s\000\040\000o\000f\000\040\000w\000i\000r\000e}{section.90}% 99
\BOOKMARK [3][-]{subsubsection.101}{\376\377\000S\000o\000l\000i\000d\000\040\000c\000o\000r\000e\000\040\000w\000i\000r\000e}{subsection.100}% 100
\BOOKMARK [3][-]{subsubsection.102}{\376\377\000S\000t\000r\000a\000n\000d\000e\000d\000\040\000w\000i\000r\000e}{subsection.100}% 101
\BOOKMARK [3][-]{subsubsection.103}{\376\377\000B\000r\000a\000i\000d\000e\000d\000\040\000w\000i\000r\000e}{subsection.100}% 102
\BOOKMARK [2][-]{subsection.104}{\376\377\000K\000i\000n\000d\000s\000\040\000o\000f\000\040\000w\000i\000r\000e\000s}{section.90}% 103
\BOOKMARK [2][-]{subsection.105}{\376\377\000K\000i\000n\000d\000s\000\040\000o\000f\000\040\000c\000a\000b\000l\000e\000s}{section.90}% 104
\BOOKMARK [2][-]{subsection.106}{\376\377\000K\000i\000n\000d\000s\000\040\000o\000f\000\040\000c\000o\000n\000n\000e\000c\000t\000o\000r\000s}{section.90}% 105
\BOOKMARK [2][-]{subsection.107}{\376\377\000S\000y\000m\000b\000o\000l\000s}{section.90}% 106
\BOOKMARK [3][-]{subsubsection.108}{\376\377\000W\000i\000r\000i\000n\000g}{subsection.107}% 107
\BOOKMARK [3][-]{subsubsection.109}{\376\377\000C\000o\000n\000n\000e\000c\000t\000o\000r\000s}{subsection.107}% 108
\BOOKMARK [1][-]{section.110}{\376\377\000S\000w\000i\000t\000c\000h\000e\000s}{chapter.89}% 109
\BOOKMARK [2][-]{subsection.111}{\376\377\000K\000i\000n\000d\000s\000\040\000o\000f\000\040\000s\000w\000i\000t\000c\000h}{section.110}% 110
\BOOKMARK [2][-]{subsection.112}{\376\377\000R\000e\000l\000a\000y\000s}{section.110}% 111
\BOOKMARK [3][-]{subsubsection.113}{\376\377\000K\000i\000n\000d\000s\000\040\000o\000f\000\040\000r\000e\000l\000a\000y\000s}{subsection.112}% 112
\BOOKMARK [3][-]{subsubsection.114}{\376\377\000R\000e\000l\000a\000y\000\040\000d\000r\000i\000v\000e\000r\000\040\000c\000i\000r\000c\000u\000i\000t}{subsection.112}% 113
\BOOKMARK [2][-]{subsection.115}{\376\377\000S\000y\000m\000b\000o\000l\000s\000\040\000f\000o\000r\000\040\000s\000w\000i\000t\000c\000h\000e\000s}{section.110}% 114
\BOOKMARK [1][-]{section.116}{\376\377\000R\000e\000s\000i\000s\000t\000o\000r\000s}{chapter.89}% 115
\BOOKMARK [2][-]{subsection.117}{\376\377\000R\000e\000a\000l\000i\000s\000t\000i\000c\000\040\000m\000o\000d\000e\000l}{section.116}% 116
\BOOKMARK [2][-]{subsection.118}{\376\377\000C\000h\000a\000r\000a\000c\000t\000e\000r\000i\000s\000t\000i\000c\000s\000\040\000o\000f\000\040\000r\000e\000a\000l\000\040\000c\000a\000p\000a\000c\000i\000t\000o\000r\000s}{section.116}% 117
\BOOKMARK [3][-]{subsubsection.119}{\376\377\000T\000o\000l\000e\000r\000a\000n\000c\000e}{subsection.118}% 118
\BOOKMARK [3][-]{subsubsection.120}{\376\377\000P\000o\000w\000e\000r\000\040\000r\000a\000t\000i\000n\000g}{subsection.118}% 119
\BOOKMARK [3][-]{subsubsection.121}{\376\377\000T\000e\000m\000p\000e\000r\000a\000t\000u\000r\000e\000\040\000c\000o\000e\000f\000f\000i\000c\000i\000e\000n\000t\000\040\000o\000f\000\040\000r\000e\000s\000i\000s\000t\000a\000n\000c\000e}{subsection.118}% 120
\BOOKMARK [2][-]{subsection.122}{\376\377\000R\000e\000s\000i\000s\000t\000o\000r\000\040\000l\000a\000b\000e\000l\000s}{section.116}% 121
\BOOKMARK [2][-]{subsection.123}{\376\377\000T\000y\000p\000e\000s\000\040\000o\000f\000\040\000r\000e\000s\000i\000s\000t\000o\000r\000s}{section.116}% 122
\BOOKMARK [2][-]{subsection.124}{\376\377\000V\000a\000r\000i\000a\000b\000l\000e\000\040\000r\000e\000s\000i\000s\000t\000o\000r\000s}{section.116}% 123
\BOOKMARK [3][-]{subsubsection.125}{\376\377\000R\000e\000s\000i\000s\000t\000a\000n\000c\000e\000\040\000t\000a\000p\000e\000r}{subsection.124}% 124
\BOOKMARK [3][-]{subsubsection.126}{\376\377\000T\000y\000p\000e\000s}{subsection.124}% 125
\BOOKMARK [1][-]{section.127}{\376\377\000C\000a\000p\000a\000c\000i\000t\000o\000r\000s}{chapter.89}% 126
\BOOKMARK [2][-]{subsection.128}{\376\377\000R\000e\000a\000l\000i\000s\000t\000i\000c\000\040\000m\000o\000d\000e\000l}{section.127}% 127
\BOOKMARK [2][-]{subsection.129}{\376\377\000C\000h\000a\000r\000a\000c\000t\000e\000r\000i\000s\000t\000i\000c\000s\000\040\000o\000f\000\040\000r\000e\000a\000l\000\040\000c\000a\000p\000a\000c\000i\000t\000o\000r\000s}{section.127}% 128
\BOOKMARK [3][-]{subsubsection.130}{\376\377\000D\000i\000s\000s\000i\000p\000a\000t\000i\000o\000n\000\040\000f\000a\000c\000t\000o\000r}{subsection.129}% 129
\BOOKMARK [3][-]{subsubsection.131}{\376\377\000I\000n\000s\000u\000l\000a\000t\000i\000o\000n\000\040\000r\000e\000s\000i\000s\000t\000a\000n\000c\000e}{subsection.129}% 130
\BOOKMARK [3][-]{subsubsection.132}{\376\377\000D\000i\000s\000s\000i\000p\000a\000t\000i\000o\000n\000\040\000f\000a\000c\000t\000o\000r\000\040\000o\000r\000\040\000t\000a\000n\000g\000e\000n\000t\000\040\000d\000e\000l\000t\000a\000\040\000\050\000t\000a\000n\000\051}{subsection.129}% 131
\BOOKMARK [2][-]{subsection.133}{\376\377\000T\000y\000p\000e\000s\000\040\000o\000f\000\040\000c\000a\000p\000a\000c\000i\000t\000o\000r\000s}{section.127}% 132
\BOOKMARK [1][-]{section.134}{\376\377\000I\000n\000d\000u\000c\000t\000o\000r\000s}{chapter.89}% 133
\BOOKMARK [2][-]{subsection.135}{\376\377\000G\000e\000o\000m\000e\000t\000r\000i\000e\000s\000\040\000o\000f\000\040\000i\000n\000d\000u\000c\000t\000o\000r\000\040\000c\000o\000n\000f\000i\000g\000u\000r\000a\000t\000i\000o\000n\000s}{section.134}% 134
\BOOKMARK [3][-]{subsubsection.136}{\376\377\000S\000i\000m\000p\000l\000e\000\040\000c\000o\000i\000l}{subsection.135}% 135
\BOOKMARK [3][-]{subsubsection.137}{\376\377\000M\000u\000l\000t\000i\000l\000a\000y\000e\000r\000\040\000c\000o\000i\000l}{subsection.135}% 136
\BOOKMARK [3][-]{subsubsection.138}{\376\377\000S\000p\000i\000r\000a\000l\000\040\000c\000o\000i\000l}{subsection.135}% 137
\BOOKMARK [3][-]{subsubsection.139}{\376\377\000T\000o\000r\000o\000i\000d\000a\000l\000\040\000c\000o\000i\000l}{subsection.135}% 138
\BOOKMARK [2][-]{subsection.140}{\376\377\000R\000e\000a\000l\000i\000s\000t\000i\000c\000\040\000m\000o\000d\000e\000l}{section.134}% 139
\BOOKMARK [2][-]{subsection.141}{\376\377\000I\000n\000d\000u\000c\000t\000o\000r\000\040\000s\000p\000e\000c\000i\000f\000i\000c\000a\000t\000i\000o\000n\000s}{section.134}% 140
\BOOKMARK [2][-]{subsection.142}{\376\377\000T\000y\000p\000e\000s\000\040\000o\000f\000\040\000i\000n\000d\000u\000c\000t\000o\000r\000s}{section.134}% 141
\BOOKMARK [2][-]{subsection.143}{\376\377\000R\000e\000a\000d\000i\000n\000g\000\040\000i\000n\000d\000u\000c\000t\000o\000r\000\040\000l\000a\000b\000e\000l\000s}{section.134}% 142
\BOOKMARK [3][-]{subsubsection.144}{\376\377\0005\000-\000b\000a\000n\000d\000\040\000i\000n\000d\000u\000c\000t\000o\000r\000\040\000c\000o\000d\000e\000s}{subsection.143}% 143
\BOOKMARK [3][-]{subsubsection.145}{\376\377\0004\000-\000b\000a\000n\000d\000\040\000i\000n\000d\000u\000c\000t\000o\000r\000\040\000c\000o\000d\000e\000s}{subsection.143}% 144
\BOOKMARK [3][-]{subsubsection.146}{\376\377\000S\000M\000D\000\040\000i\000n\000d\000u\000c\000t\000a\000n\000c\000e\000\040\000c\000o\000d\000e\000s}{subsection.143}% 145
\BOOKMARK [1][-]{section.147}{\376\377\000T\000r\000a\000n\000s\000f\000o\000r\000m\000e\000r\000s}{chapter.89}% 146
\BOOKMARK [1][-]{section.148}{\376\377\000B\000a\000t\000t\000e\000r\000i\000e\000s}{chapter.89}% 147
\BOOKMARK [2][-]{subsection.149}{\376\377\000B\000a\000t\000t\000e\000r\000y\000\040\000c\000a\000p\000a\000c\000i\000t\000y}{section.148}% 148
\BOOKMARK [2][-]{subsection.150}{\376\377\000I\000n\000t\000e\000r\000n\000a\000l\000\040\000r\000e\000s\000i\000s\000t\000a\000n\000c\000e}{section.148}% 149
\BOOKMARK [2][-]{subsection.151}{\376\377\000C\000o\000m\000b\000i\000n\000i\000n\000g\000\040\000b\000a\000t\000t\000e\000r\000i\000e\000s}{section.148}% 150
\BOOKMARK [2][-]{subsection.152}{\376\377\000B\000a\000t\000t\000e\000r\000y\000\040\000p\000a\000c\000k\000a\000g\000e\000s}{section.148}% 151
\BOOKMARK [2][-]{subsection.153}{\376\377\000P\000r\000i\000m\000a\000r\000y\000\040\000b\000a\000t\000t\000e\000r\000i\000e\000s}{section.148}% 152
\BOOKMARK [2][-]{subsection.154}{\376\377\000S\000e\000c\000o\000n\000d\000a\000r\000y\000\040\000b\000a\000t\000t\000e\000r\000i\000e\000s}{section.148}% 153
\BOOKMARK [1][-]{section.155}{\376\377\000G\000r\000o\000u\000n\000d}{chapter.89}% 154
\BOOKMARK [1][-]{section.156}{\376\377\000P\000o\000w\000e\000r\000\040\000s\000u\000p\000p\000l\000i\000e\000s}{chapter.89}% 155
\BOOKMARK [1][-]{section.157}{\376\377\000F\000u\000s\000e\000s\000\040\000a\000n\000d\000\040\000c\000i\000r\000c\000u\000i\000t\000\040\000b\000r\000e\000a\000k\000e\000r\000s}{chapter.89}% 156
\BOOKMARK [0][-]{chapter.158}{\376\377\000A\000c\000t\000i\000v\000e\000\040\000c\000o\000m\000p\000o\000n\000e\000n\000t\000s}{part.19}% 157
\BOOKMARK [1][-]{section.159}{\376\377\000S\000e\000m\000i\000c\000o\000n\000d\000u\000c\000t\000o\000r\000\040\000p\000h\000y\000s\000i\000c\000s}{chapter.158}% 158
\BOOKMARK [1][-]{section.160}{\376\377\000D\000i\000o\000d\000e\000s}{chapter.158}% 159
\BOOKMARK [2][-]{subsection.161}{\376\377\000S\000t\000a\000t\000i\000c\000\040\000b\000e\000h\000a\000v\000i\000o\000u\000r\000:\000\040\000a\000\040\000s\000i\000m\000p\000l\000e\000\040\000m\000o\000d\000e\000l}{section.160}% 160
\BOOKMARK [2][-]{subsection.162}{\376\377\000D\000y\000n\000a\000m\000i\000c\000,\000\040\000o\000r\000\040\000t\000r\000a\000n\000s\000i\000e\000n\000t\000,\000\040\000b\000e\000h\000a\000v\000i\000o\000u\000r}{section.160}% 161
\BOOKMARK [3][-]{subsubsection.163}{\376\377\000D\000e\000p\000l\000e\000t\000i\000o\000n\000-\000r\000e\000g\000i\000o\000n\000\040\000c\000a\000p\000a\000c\000i\000t\000a\000n\000c\000e}{subsection.162}% 162
\BOOKMARK [4][-]{section*.164}{\376\377\000A\000b\000r\000u\000p\000t\000\040\000j\000u\000n\000c\000t\000i\000o\000n}{subsubsection.163}% 163
\BOOKMARK [4][-]{section*.165}{\376\377\000L\000i\000n\000e\000a\000r\000l\000y\000\040\000g\000r\000a\000d\000e\000d\000\040\000j\000u\000n\000c\000t\000i\000o\000n}{subsubsection.163}% 164
\BOOKMARK [4][-]{section*.166}{\376\377\000L\000a\000r\000g\000e\000-\000s\000i\000g\000n\000a\000l\000\040\000d\000e\000p\000l\000e\000t\000i\000o\000n\000-\000r\000e\000g\000i\000o\000n\000\040\000c\000a\000p\000a\000c\000i\000t\000a\000n\000c\000e\000.}{subsubsection.163}% 165
\BOOKMARK [3][-]{subsubsection.167}{\376\377\000E\000x\000c\000e\000s\000s\000\040\000m\000i\000n\000o\000r\000i\000t\000y\000\040\000c\000a\000r\000r\000i\000e\000r\000\040\000c\000h\000a\000r\000g\000e}{subsection.162}% 166
\BOOKMARK [2][-]{subsection.168}{\376\377\000S\000e\000c\000o\000n\000d\000a\000r\000y\000\040\000e\000f\000f\000e\000c\000t\000:\000\040\000a\000\040\000m\000o\000r\000e\000\040\000a\000c\000c\000u\000r\000a\000t\000e\000\040\000m\000o\000d\000e\000l}{section.160}% 167
\BOOKMARK [3][-]{subsubsection.169}{\376\377\000B\000r\000e\000a\000k\000d\000o\000w\000n}{subsection.168}% 168
\BOOKMARK [4][-]{section*.170}{\376\377\000A\000v\000a\000l\000a\000n\000c\000h\000e\000\040\000b\000r\000e\000a\000k\000d\000o\000w\000n\000.}{subsubsection.169}% 169
\BOOKMARK [4][-]{section*.171}{\376\377\000Z\000e\000n\000e\000r\000\040\000b\000r\000e\000a\000k\000d\000o\000w\000n\000.}{subsubsection.169}% 170
\BOOKMARK [3][-]{subsubsection.172}{\376\377\000E\000m\000i\000s\000s\000i\000o\000n\000\040\000c\000o\000e\000f\000f\000i\000c\000i\000e\000n\000t}{subsection.168}% 171
\BOOKMARK [1][-]{section.173}{\376\377\000T\000h\000y\000r\000i\000s\000t\000o\000r\000s\000\040\000a\000n\000d\000\040\000t\000r\000i\000a\000c\000s}{chapter.158}% 172
\BOOKMARK [1][-]{section.174}{\376\377\000B\000i\000p\000o\000l\000a\000r\000\040\000t\000r\000a\000n\000s\000i\000s\000t\000o\000r\000s\000\040\000\050\000B\000J\000T\000s\000\051}{chapter.158}% 173
\BOOKMARK [1][-]{section.175}{\376\377\000J\000u\000n\000c\000t\000i\000o\000n\000\040\000f\000i\000e\000l\000d\000\040\000e\000f\000f\000e\000c\000t\000\040\000t\000r\000a\000n\000s\000i\000s\000t\000o\000r\000s\000\040\000\050\000F\000E\000T\000s\000\051}{chapter.158}% 174
\BOOKMARK [1][-]{section.176}{\376\377\000M\000e\000t\000a\000l\000\040\000o\000x\000i\000d\000e\000\040\000f\000i\000e\000l\000d\000\040\000e\000f\000f\000e\000c\000t\000\040\000t\000r\000a\000n\000s\000i\000s\000t\000o\000r\000s\000\040\000\050\000M\000O\000S\000F\000E\000T\000s\000\051}{chapter.158}% 175
\BOOKMARK [2][-]{subsection.177}{\376\377\000S\000t\000a\000t\000i\000c\000\040\000b\000e\000h\000a\000v\000i\000o\000u\000r}{section.176}% 176
\BOOKMARK [3][-]{subsubsection.178}{\376\377\000C\000u\000t\000-\000o\000f\000f\000\040\000r\000e\000g\000i\000o\000n}{subsection.177}% 177
\BOOKMARK [3][-]{subsubsection.179}{\376\377\000O\000h\000m\000i\000c\000\040\000r\000e\000g\000i\000o\000n}{subsection.177}% 178
\BOOKMARK [3][-]{subsubsection.180}{\376\377\000S\000a\000t\000u\000r\000a\000t\000i\000o\000n\000\040\000r\000e\000g\000i\000o\000n}{subsection.177}% 179
\BOOKMARK [2][-]{subsection.181}{\376\377\000S\000o\000m\000e\000\040\000s\000e\000c\000o\000n\000d\000a\000r\000y\000\040\000e\000f\000f\000e\000c\000t\000s}{section.176}% 180
\BOOKMARK [3][-]{subsubsection.182}{\376\377\000C\000h\000a\000n\000n\000e\000l\000\040\000l\000e\000n\000g\000t\000h\000\040\000m\000o\000d\000u\000l\000a\000t\000i\000o\000n}{subsection.181}% 181
\BOOKMARK [3][-]{subsubsection.183}{\376\377\000V\000e\000l\000o\000c\000i\000t\000y\000\040\000s\000a\000t\000u\000r\000a\000t\000i\000o\000n}{subsection.181}% 182
\BOOKMARK [4][-]{section*.184}{\376\377\000A\000\040\000s\000i\000m\000p\000l\000e\000r\000\040\000m\000o\000d\000e\000l}{subsubsection.183}% 183
\BOOKMARK [3][-]{subsubsection.185}{\376\377\000T\000h\000r\000e\000s\000h\000o\000l\000d\000\040\000v\000a\000r\000i\000a\000t\000i\000o\000n\000s}{subsection.181}% 184
\BOOKMARK [3][-]{subsubsection.186}{\376\377\000H\000o\000t\000-\000c\000a\000r\000r\000i\000e\000r\000\040\000e\000f\000f\000e\000c\000t\000s}{subsection.181}% 185
\BOOKMARK [3][-]{subsubsection.187}{\376\377\000C\000M\000O\000S\000\040\000l\000a\000t\000c\000h\000u\000p}{subsection.181}% 186
\BOOKMARK [2][-]{subsection.188}{\376\377\000D\000y\000n\000a\000m\000i\000c\000\040\000b\000e\000h\000a\000v\000i\000o\000u\000r}{section.176}% 187
\BOOKMARK [3][-]{subsubsection.189}{\376\377\000C\000a\000p\000a\000c\000i\000t\000i\000v\000e\000\040\000d\000e\000v\000i\000c\000e\000\040\000m\000o\000d\000e\000l}{subsection.188}% 188
\BOOKMARK [4][-]{section*.190}{\376\377\000M\000O\000S\000\040\000s\000t\000r\000u\000c\000t\000u\000r\000e\000\040\000c\000a\000p\000a\000c\000i\000t\000a\000n\000c\000e\000s}{subsubsection.189}% 189
\BOOKMARK [4][-]{section*.191}{\376\377\000C\000h\000a\000n\000n\000e\000l\000\040\000c\000a\000p\000a\000c\000i\000t\000a\000n\000c\000e\000s}{subsubsection.189}% 190
\BOOKMARK [4][-]{section*.192}{\376\377\000J\000u\000n\000c\000t\000i\000o\000n\000\040\000c\000a\000p\000a\000c\000i\000t\000a\000n\000c\000e\000s}{subsubsection.189}% 191
\BOOKMARK [3][-]{subsubsection.193}{\376\377\000S\000o\000u\000r\000c\000e\000-\000d\000r\000a\000i\000n\000\040\000r\000e\000s\000i\000s\000t\000a\000n\000c\000e}{subsection.188}% 192
\BOOKMARK [2][-]{subsection.194}{\376\377\000C\000o\000m\000p\000a\000r\000i\000s\000o\000n\000\040\000N\000M\000O\000S\000\040\000a\000n\000d\000\040\000P\000M\000O\000S}{section.176}% 193
\BOOKMARK [2][-]{subsection.195}{\376\377\000S\000P\000I\000C\000E\000\040\000m\000o\000d\000e\000l\000s}{section.176}% 194
\BOOKMARK [2][-]{subsection.196}{\376\377\000P\000r\000o\000c\000e\000s\000s\000\040\000v\000a\000r\000i\000a\000t\000i\000o\000n\000s}{section.176}% 195
\BOOKMARK [2][-]{subsection.197}{\376\377\000T\000e\000c\000h\000n\000o\000l\000o\000g\000y\000\040\000s\000c\000a\000l\000i\000n\000g}{section.176}% 196
\BOOKMARK [1][-]{section.198}{\376\377\000I\000n\000s\000u\000l\000a\000t\000e\000d\000-\000g\000a\000t\000e\000\040\000b\000i\000p\000o\000l\000a\000r\000\040\000t\000r\000a\000n\000s\000i\000s\000t\000o\000r\000s\000\040\000\050\000I\000G\000B\000T\000s\000\051}{chapter.158}% 197
\BOOKMARK [0][-]{chapter.199}{\376\377\000A\000n\000a\000l\000o\000g\000u\000e\000\040\000i\000n\000t\000e\000g\000r\000a\000t\000e\000d\000\040\000c\000i\000r\000c\000u\000i\000t\000s}{part.19}% 198
\BOOKMARK [1][-]{section.200}{\376\377\000T\000h\000e\000\040\000i\000d\000e\000a\000l\000\040\000o\000p\000-\000a\000m\000p}{chapter.199}% 199
\BOOKMARK [1][-]{section.201}{\376\377\000T\000h\000e\000\040\000p\000r\000a\000c\000t\000i\000c\000a\000l\000\040\000o\000p\000-\000a\000m\000p}{chapter.199}% 200
\BOOKMARK [1][-]{section.202}{\376\377\000C\000o\000m\000p\000a\000r\000a\000t\000o\000r\000s}{chapter.199}% 201
\BOOKMARK [1][-]{section.203}{\376\377\000V\000o\000l\000t\000a\000g\000e\000\040\000r\000e\000f\000e\000r\000e\000n\000c\000e\000s}{chapter.199}% 202
\BOOKMARK [0][-]{chapter.204}{\376\377\000C\000l\000a\000s\000s\000i\000c\000\040\000c\000i\000r\000c\000u\000i\000t\000s}{part.19}% 203
\BOOKMARK [1][-]{section.205}{\376\377\000R\000e\000c\000t\000i\000f\000i\000e\000r\000s}{chapter.204}% 204
\BOOKMARK [1][-]{section.206}{\376\377\000S\000w\000i\000t\000c\000h\000i\000n\000g\000\040\000r\000e\000g\000u\000l\000a\000t\000o\000r\000s}{chapter.204}% 205
\BOOKMARK [2][-]{subsection.207}{\376\377\000B\000u\000c\000k\000\040\000c\000o\000n\000v\000e\000r\000t\000e\000r}{section.206}% 206
\BOOKMARK [2][-]{subsection.208}{\376\377\000B\000o\000o\000s\000t\000\040\000c\000o\000n\000v\000e\000r\000t\000e\000r}{section.206}% 207
\BOOKMARK [2][-]{subsection.209}{\376\377\000B\000u\000c\000k\000-\000b\000o\000o\000s\000t\000\040\000c\000o\000n\000v\000e\000r\000t\000e\000r}{section.206}% 208
\BOOKMARK [1][-]{section.210}{\376\377\000O\000s\000c\000i\000l\000l\000a\000t\000o\000r\000s}{chapter.204}% 209
\BOOKMARK [2][-]{subsection.211}{\376\377\000S\000i\000m\000p\000l\000e\000\040\000r\000e\000l\000a\000x\000a\000t\000i\000o\000n\000\040\000o\000s\000c\000i\000l\000l\000a\000t\000o\000r}{section.210}% 210
\BOOKMARK [2][-]{subsection.212}{\376\377\000O\000p\000-\000a\000m\000p\000\040\000o\000s\000c\000i\000l\000l\000a\000t\000o\000r}{section.210}% 211
\BOOKMARK [2][-]{subsection.213}{\376\377\000C\000o\000l\000p\000i\000t\000s\000\040\000o\000s\000c\000i\000l\000l\000a\000t\000o\000r}{section.210}% 212
\BOOKMARK [2][-]{subsection.214}{\376\377\000H\000a\000r\000t\000l\000e\000y\000\040\000o\000s\000c\000i\000l\000l\000a\000t\000o\000r}{section.210}% 213
\BOOKMARK [1][-]{section.215}{\376\377\000R\000a\000d\000i\000o\000\040\000c\000i\000r\000c\000u\000i\000t\000s}{chapter.204}% 214
\BOOKMARK [2][-]{subsection.216}{\376\377\000S\000h\000o\000r\000t\000-\000w\000a\000v\000e\000\040\000r\000e\000c\000e\000i\000v\000e\000r}{section.215}% 215
\BOOKMARK [2][-]{subsection.217}{\376\377\000R\000F\000\040\000o\000s\000c\000i\000l\000l\000a\000t\000o\000r\000\040\000/\000\040\000t\000r\000a\000n\000s\000m\000i\000t\000t\000e\000r}{section.215}% 216
\BOOKMARK [0][-]{chapter.218}{\376\377\000F\000i\000l\000t\000e\000r\000s}{part.19}% 217
\BOOKMARK [0][-]{chapter.219}{\376\377\000O\000s\000c\000i\000l\000l\000a\000t\000o\000r\000s\000\040\000a\000n\000d\000\040\000t\000i\000m\000e\000r\000s}{part.19}% 218
\BOOKMARK [0][-]{chapter.220}{\376\377\000V\000o\000l\000t\000a\000g\000e\000\040\000r\000e\000g\000u\000l\000a\000t\000i\000o\000n\000\040\000a\000n\000d\000\040\000p\000o\000w\000e\000r\000\040\000c\000o\000n\000v\000e\000r\000s\000i\000o\000n}{part.19}% 219
\BOOKMARK [0][-]{chapter.221}{\376\377\000P\000C\000B\000\040\000d\000e\000s\000i\000g\000n\000\040\000t\000i\000p\000s}{part.19}% 220
\BOOKMARK [-1][-]{part.222}{\376\377\000I\000V\000\040\000D\000i\000g\000i\000t\000a\000l\000\040\000e\000l\000e\000c\000t\000r\000o\000n\000i\000c\000s}{}% 221
\BOOKMARK [0][-]{chapter.223}{\376\377\000I\000n\000t\000r\000o\000d\000u\000c\000t\000i\000o\000n}{part.222}% 222
\BOOKMARK [1][-]{section.224}{\376\377\000M\000a\000n\000u\000f\000a\000c\000t\000u\000r\000i\000n\000g\000\040\000C\000M\000O\000S\000\040\000i\000n\000t\000e\000g\000r\000a\000t\000e\000d\000\040\000c\000i\000r\000c\000u\000i\000t\000s}{chapter.223}% 223
\BOOKMARK [1][-]{section.225}{\376\377\000D\000e\000s\000i\000g\000n\000\040\000r\000u\000l\000e\000s}{chapter.223}% 224
\BOOKMARK [1][-]{section.226}{\376\377\000P\000a\000c\000k\000a\000g\000i\000n\000g\000\040\000i\000n\000t\000e\000g\000r\000a\000t\000e\000d\000\040\000c\000i\000r\000c\000u\000i\000t\000s}{chapter.223}% 225
\BOOKMARK [0][-]{chapter.227}{\376\377\000B\000o\000o\000l\000e\000a\000n\000\040\000a\000l\000g\000e\000b\000r\000a\000\040\000a\000n\000d\000\040\000g\000a\000t\000e\000s}{part.222}% 226
\BOOKMARK [1][-]{section.228}{\376\377\000A\000l\000g\000e\000b\000r\000a\000i\000c\000\040\000p\000r\000o\000p\000e\000r\000t\000i\000e\000s}{chapter.227}% 227
\BOOKMARK [1][-]{section.229}{\376\377\000A\000x\000i\000o\000m\000a\000t\000i\000c\000\040\000d\000e\000f\000i\000n\000i\000t\000i\000o\000n}{chapter.227}% 228
\BOOKMARK [1][-]{section.230}{\376\377\000B\000a\000s\000i\000c\000\040\000t\000h\000e\000o\000r\000e\000m\000s}{chapter.227}% 229
\BOOKMARK [1][-]{section.231}{\376\377\000C\000a\000n\000o\000n\000i\000c\000a\000l\000\040\000a\000n\000d\000\040\000s\000t\000a\000n\000d\000a\000r\000d\000\040\000f\000o\000r\000m\000s}{chapter.227}% 230
\BOOKMARK [1][-]{section.232}{\376\377\000S\000i\000m\000p\000l\000i\000f\000i\000c\000a\000t\000i\000o\000n\000\040\000o\000f\000\040\000B\000o\000o\000l\000e\000a\000n\000\040\000f\000u\000n\000c\000t\000i\000o\000n\000s}{chapter.227}% 231
\BOOKMARK [2][-]{subsection.233}{\376\377\000K\000a\000r\000n\000a\000u\000g\000h\000\040\000m\000a\000p\000s}{section.232}% 232
\BOOKMARK [2][-]{subsection.234}{\376\377\000D\000o\000n\000'\000t\000-\000c\000a\000r\000e\000\040\000c\000o\000n\000d\000i\000t\000i\000o\000n\000s}{section.232}% 233
\BOOKMARK [2][-]{subsection.235}{\376\377\000T\000h\000e\000\040\000t\000a\000b\000u\000l\000a\000t\000i\000o\000n\000\040\000m\000e\000t\000h\000o\000d}{section.232}% 234
\BOOKMARK [1][-]{section.236}{\376\377\000T\000i\000m\000e\000\040\000e\000v\000o\000l\000u\000t\000i\000o\000n\000\040\000a\000n\000d\000\040\000s\000e\000q\000u\000e\000n\000t\000i\000a\000l\000\040\000l\000o\000g\000i\000c}{chapter.227}% 235
\BOOKMARK [0][-]{chapter.237}{\376\377\000S\000o\000m\000e\000\040\000i\000d\000e\000a\000l\000\040\000d\000i\000g\000i\000t\000a\000l\000\040\000c\000o\000m\000p\000o\000n\000e\000n\000t\000s}{part.222}% 236
\BOOKMARK [1][-]{section.238}{\376\377\000C\000o\000m\000b\000i\000n\000a\000t\000i\000o\000n\000a\000l\000\040\000l\000o\000g\000i\000c\000\040\000c\000o\000m\000p\000o\000n\000e\000n\000t\000s}{chapter.237}% 237
\BOOKMARK [2][-]{subsection.239}{\376\377\000C\000a\000r\000r\000y\000-\000r\000i\000p\000p\000l\000e\000\040\000a\000d\000d\000e\000r\000s}{section.238}% 238
\BOOKMARK [2][-]{subsection.240}{\376\377\000C\000a\000r\000r\000y\000-\000l\000o\000o\000k\000-\000a\000h\000e\000a\000d\000\040\000a\000d\000d\000e\000r\000s}{section.238}% 239
\BOOKMARK [2][-]{subsection.241}{\376\377\000A\000d\000d\000e\000r\000s\000\040\000a\000n\000d\000\040\000s\000u\000b\000t\000r\000a\000c\000t\000o\000r\000s}{section.238}% 240
\BOOKMARK [2][-]{subsection.242}{\376\377\000L\000o\000g\000i\000c\000\040\000u\000n\000i\000t\000\040\000a\000n\000d\000\040\000a\000r\000i\000t\000h\000m\000e\000t\000i\000c\000-\000l\000o\000g\000i\000c\000\040\000u\000n\000i\000t}{section.238}% 241
\BOOKMARK [2][-]{subsection.243}{\376\377\000D\000e\000c\000o\000d\000e\000r\000s}{section.238}% 242
\BOOKMARK [2][-]{subsection.244}{\376\377\000S\000e\000l\000e\000c\000t\000o\000r\000s}{section.238}% 243
\BOOKMARK [2][-]{subsection.245}{\376\377\000B\000u\000s\000e\000s}{section.238}% 244
\BOOKMARK [2][-]{subsection.246}{\376\377\000P\000r\000i\000o\000r\000i\000t\000y\000\040\000e\000n\000c\000o\000d\000e\000r\000s}{section.238}% 245
\BOOKMARK [2][-]{subsection.247}{\376\377\000M\000a\000g\000n\000i\000t\000u\000d\000e\000\040\000c\000o\000m\000p\000a\000r\000a\000t\000o\000r\000s}{section.238}% 246
\BOOKMARK [2][-]{subsection.248}{\376\377\000S\000h\000i\000f\000t\000e\000r\000s\000\040\000a\000n\000d\000\040\000r\000o\000t\000a\000t\000o\000r\000s}{section.238}% 247
\BOOKMARK [2][-]{subsection.249}{\376\377\000R\000e\000a\000d\000-\000O\000n\000l\000y\000\040\000m\000e\000m\000o\000r\000i\000e\000s}{section.238}% 248
\BOOKMARK [2][-]{subsection.250}{\376\377\000P\000r\000o\000g\000r\000a\000m\000m\000a\000b\000l\000e\000\040\000l\000o\000g\000i\000c\000\040\000a\000r\000r\000a\000y\000s}{section.238}% 249
\BOOKMARK [1][-]{section.251}{\376\377\000S\000e\000q\000u\000e\000n\000t\000i\000a\000l\000\040\000l\000o\000g\000i\000c\000\040\000c\000o\000m\000p\000o\000n\000e\000n\000t\000s}{chapter.237}% 250
\BOOKMARK [2][-]{subsection.252}{\376\377\000L\000a\000t\000c\000h\000e\000s}{section.251}% 251
\BOOKMARK [3][-]{subsubsection.253}{\376\377\000S\000R\000-\000l\000a\000t\000c\000h}{subsection.252}% 252
\BOOKMARK [3][-]{subsubsection.254}{\376\377\000G\000a\000t\000e\000d\000\040\000S\000R\000-\000l\000a\000t\000c\000h}{subsection.252}% 253
\BOOKMARK [3][-]{subsubsection.255}{\376\377\000G\000a\000t\000e\000d\000\040\000D\000-\000l\000a\000t\000c\000h}{subsection.252}% 254
\BOOKMARK [2][-]{subsection.256}{\376\377\000F\000l\000i\000p\000-\000f\000l\000o\000p\000s}{section.251}% 255
\BOOKMARK [2][-]{subsection.257}{\376\377\000A\000n\000a\000l\000y\000s\000i\000s\000\040\000o\000f\000\040\000s\000e\000q\000u\000e\000n\000t\000i\000a\000l\000\040\000l\000o\000g\000i\000c}{section.251}% 256
\BOOKMARK [1][-]{section.258}{\376\377\000S\000t\000o\000r\000a\000g\000e\000\040\000c\000o\000m\000p\000o\000n\000e\000n\000t\000s}{chapter.237}% 257
\BOOKMARK [2][-]{subsection.259}{\376\377\000R\000e\000g\000i\000s\000t\000e\000r\000s}{section.258}% 258
\BOOKMARK [3][-]{subsubsection.260}{\376\377\000S\000h\000i\000f\000t\000\040\000r\000e\000g\000i\000s\000t\000e\000r\000s}{subsection.259}% 259
\BOOKMARK [2][-]{subsection.261}{\376\377\000C\000o\000u\000n\000t\000e\000r\000s}{section.258}% 260
\BOOKMARK [3][-]{subsubsection.262}{\376\377\000B\000C\000D\000\040\000c\000o\000u\000n\000t\000e\000r}{subsection.261}% 261
\BOOKMARK [3][-]{subsubsection.263}{\376\377\000A\000s\000y\000n\000c\000h\000r\000o\000n\000o\000u\000s\000\040\000c\000o\000u\000n\000t\000e\000r}{subsection.261}% 262
\BOOKMARK [2][-]{subsection.264}{\376\377\000R\000a\000n\000d\000o\000m\000-\000a\000c\000c\000e\000s\000s\000\040\000m\000e\000m\000o\000r\000i\000e\000s\000\040\000\050\000R\000A\000M\000s\000\051}{section.258}% 263
\BOOKMARK [0][-]{chapter.265}{\376\377\000D\000e\000s\000i\000g\000n\000i\000n\000g\000\040\000d\000i\000g\000i\000t\000a\000l\000\040\000i\000n\000t\000e\000g\000r\000a\000t\000e\000d\000\040\000c\000i\000r\000c\000u\000i\000t\000s}{part.222}% 264
\BOOKMARK [1][-]{section.266}{\376\377\000D\000e\000s\000i\000g\000n\000\040\000p\000a\000r\000a\000m\000e\000t\000e\000r\000s}{chapter.265}% 265
\BOOKMARK [2][-]{subsection.267}{\376\377\000C\000o\000s\000t}{section.266}% 266
\BOOKMARK [2][-]{subsection.268}{\376\377\000P\000e\000r\000f\000o\000r\000m\000a\000n\000c\000e}{section.266}% 267
\BOOKMARK [3][-]{subsubsection.269}{\376\377\000R\000i\000n\000g\000\040\000o\000s\000c\000i\000l\000l\000a\000t\000o\000r\000s}{subsection.268}% 268
\BOOKMARK [2][-]{subsection.270}{\376\377\000F\000u\000n\000c\000t\000i\000o\000n\000a\000l\000i\000t\000y\000\040\000a\000n\000d\000\040\000r\000o\000b\000u\000s\000t\000n\000e\000s\000s}{section.266}% 269
\BOOKMARK [3][-]{section*.271}{\376\377\000N\000o\000i\000s\000e\000\040\000m\000a\000r\000g\000i\000n\000s}{subsection.270}% 270
\BOOKMARK [4][-]{section*.272}{\376\377\000N\000o\000i\000s\000e\000\040\000i\000m\000m\000u\000n\000i\000t\000y}{section*.271}% 271
\BOOKMARK [4][-]{section*.273}{\376\377\000R\000e\000g\000e\000n\000e\000r\000a\000t\000i\000v\000e\000\040\000p\000r\000o\000p\000e\000r\000t\000y\000.}{section*.271}% 272
\BOOKMARK [4][-]{section*.274}{\376\377\000D\000i\000r\000e\000c\000t\000i\000v\000i\000t\000y\000.}{section*.271}% 273
\BOOKMARK [4][-]{section*.275}{\376\377\000F\000a\000n\000-\000o\000u\000t}{section*.271}% 274
\BOOKMARK [4][-]{section*.276}{\376\377\000F\000a\000n\000-\000i\000n}{section*.271}% 275
\BOOKMARK [2][-]{subsection.277}{\376\377\000P\000o\000w\000e\000r\000\040\000a\000n\000d\000\040\000e\000n\000e\000r\000g\000y\000\040\000c\000o\000n\000s\000u\000m\000p\000t\000i\000o\000n}{section.266}% 276
\BOOKMARK [1][-]{section.278}{\376\377\000D\000e\000s\000i\000g\000n\000\040\000m\000e\000t\000h\000o\000d\000o\000l\000o\000g\000i\000e\000s}{chapter.265}% 277
\BOOKMARK [2][-]{subsection.279}{\376\377\000C\000u\000s\000t\000o\000m\000\040\000c\000i\000r\000c\000u\000i\000t\000\040\000d\000e\000s\000i\000g\000n}{section.278}% 278
\BOOKMARK [2][-]{subsection.280}{\376\377\000C\000e\000l\000l\000-\000b\000a\000s\000e\000d}{section.278}% 279
\BOOKMARK [3][-]{subsubsection.281}{\376\377\000S\000t\000a\000n\000d\000a\000r\000d\000\040\000c\000e\000l\000l}{subsection.280}% 280
\BOOKMARK [3][-]{subsubsection.282}{\376\377\000C\000o\000m\000p\000i\000l\000e\000d\000\040\000c\000e\000l\000l}{subsection.280}% 281
\BOOKMARK [3][-]{subsubsection.283}{\376\377\000M\000a\000c\000r\000o\000\040\000c\000e\000l\000l\000s}{subsection.280}% 282
\BOOKMARK [2][-]{subsection.284}{\376\377\000A\000r\000r\000a\000y\000-\000b\000a\000s\000e\000d}{section.278}% 283
\BOOKMARK [3][-]{subsubsection.285}{\376\377\000P\000r\000e\000d\000i\000f\000f\000u\000s\000e\000d\000\040\000\050\000o\000r\000\040\000m\000a\000s\000k\000-\000p\000r\000o\000g\000r\000a\000m\000m\000a\000b\000l\000e\000\051\000\040\000a\000r\000r\000a\000y\000s}{subsection.284}% 284
\BOOKMARK [3][-]{subsubsection.286}{\376\377\000P\000r\000e\000w\000i\000r\000e\000d\000\040\000a\000r\000r\000a\000y\000s\000\040\000\050\000F\000P\000G\000A\000s\000\051}{subsection.284}% 285
\BOOKMARK [1][-]{section.287}{\376\377\000C\000o\000p\000i\000n\000g\000\040\000w\000i\000t\000h\000\040\000i\000n\000t\000e\000r\000c\000o\000n\000n\000e\000c\000t}{chapter.265}% 286
\BOOKMARK [1][-]{section.288}{\376\377\000T\000i\000m\000i\000n\000g\000\040\000i\000s\000s\000u\000e\000s}{chapter.265}% 287
\BOOKMARK [2][-]{subsection.289}{\376\377\000T\000i\000m\000i\000n\000g\000\040\000c\000l\000a\000s\000s\000i\000f\000i\000c\000a\000t\000i\000o\000n}{section.288}% 288
\BOOKMARK [0][-]{chapter.290}{\376\377\000D\000e\000s\000i\000g\000n\000i\000n\000g\000\040\000g\000a\000t\000e\000s\000\040\000a\000n\000d\000\040\000c\000o\000m\000p\000o\000n\000e\000n\000t\000s}{part.222}% 289
\BOOKMARK [1][-]{section.291}{\376\377\000T\000r\000a\000n\000s\000i\000s\000t\000o\000r\000-\000t\000r\000a\000n\000s\000i\000s\000t\000o\000r\000\040\000l\000o\000g\000i\000c\000\040\000\050\000T\000T\000L\000\051}{chapter.290}% 290
\BOOKMARK [1][-]{section.292}{\376\377\000C\000M\000O\000S\000\040\000t\000e\000c\000h\000n\000o\000l\000o\000g\000y}{chapter.290}% 291
\BOOKMARK [2][-]{subsection.293}{\376\377\000T\000h\000e\000\040\000C\000M\000O\000S\000\040\000i\000n\000v\000e\000r\000t\000e\000r}{section.292}% 292
\BOOKMARK [2][-]{subsection.294}{\376\377\000C\000o\000m\000b\000i\000n\000a\000t\000i\000o\000n\000a\000l\000\040\000l\000o\000g\000i\000c\000\040\000i\000n\000\040\000C\000M\000O\000S}{section.292}% 293
\BOOKMARK [2][-]{subsection.295}{\376\377\000S\000e\000q\000u\000e\000n\000t\000i\000a\000l\000\040\000l\000o\000g\000i\000c\000\040\000i\000n\000\040\000C\000M\000O\000S}{section.292}% 294
\BOOKMARK [0][-]{chapter.296}{\376\377\000P\000r\000o\000c\000e\000s\000s\000o\000r\000s\000\040\000a\000n\000d\000\040\000m\000i\000c\000r\000o\000c\000o\000n\000t\000r\000o\000l\000l\000e\000r\000s}{part.222}% 295
\BOOKMARK [-1][-]{part.297}{\376\377\000V\000\040\000E\000l\000e\000c\000t\000r\000i\000c\000\040\000d\000e\000v\000i\000c\000e\000s}{}% 296
\BOOKMARK [0][-]{chapter.298}{\376\377\000M\000o\000t\000o\000r\000s\000\040\000a\000n\000d\000\040\000a\000c\000t\000u\000a\000t\000o\000r\000s}{part.297}% 297
\BOOKMARK [0][-]{chapter.299}{\376\377\000A\000u\000d\000i\000o\000e\000l\000e\000c\000t\000r\000o\000n\000i\000c\000s}{part.297}% 298
\BOOKMARK [0][-]{chapter.300}{\376\377\000O\000p\000t\000o\000e\000l\000e\000c\000t\000r\000o\000n\000i\000c\000s}{part.297}% 299
\BOOKMARK [0][-]{chapter.301}{\376\377\000R\000a\000d\000i\000o\000\040\000e\000n\000g\000i\000n\000e\000e\000r\000i\000n\000g}{part.297}% 300
\BOOKMARK [-1][-]{part.302}{\376\377\000V\000I\000\040\000M\000u\000l\000t\000i\000p\000h\000a\000s\000e\000\040\000s\000y\000s\000t\000e\000m\000s}{}% 301
\BOOKMARK [-1][-]{part.303}{\376\377\000V\000I\000I\000\040\000G\000e\000n\000e\000r\000a\000l\000\040\000d\000e\000s\000i\000g\000n\000\040\000p\000r\000a\000c\000t\000i\000c\000e\000s}{}% 302
\BOOKMARK [0][-]{section.304}{\376\377\000P\000r\000e\000c\000i\000s\000i\000o\000n\000\040\000a\000n\000d\000\040\000l\000o\000w\000\040\000n\000o\000i\000s\000e}{part.303}% 303
\BOOKMARK [-1][-]{part.305}{\376\377\000V\000I\000I\000I\000\040\000S\000i\000m\000u\000l\000a\000t\000i\000o\000n}{}% 304
\BOOKMARK [0][-]{section.306}{\376\377\000S\000p\000i\000c\000e}{part.305}% 305
\BOOKMARK [1][-]{section.307}{\376\377\000V\000e\000r\000i\000l\000o\000g}{section.306}% 306
\BOOKMARK [-1][-]{part.308}{\376\377\000I\000X\000\040\000T\000o\000o\000l\000s\000\040\000a\000n\000d\000\040\000a\000c\000c\000e\000s\000s\000o\000r\000i\000e\000s}{}% 307
\BOOKMARK [0][-]{chapter.309}{\376\377\000H\000a\000r\000d\000w\000a\000r\000e}{part.308}% 308
\BOOKMARK [1][-]{section.310}{\376\377\000S\000c\000r\000e\000w\000s}{chapter.309}% 309
\BOOKMARK [0][-]{chapter.311}{\376\377\000D\000e\000v\000i\000c\000e\000s}{part.308}% 310
\BOOKMARK [1][-]{section.312}{\376\377\000P\000o\000w\000e\000r\000\040\000s\000u\000p\000p\000l\000i\000e\000s}{chapter.311}% 311
\BOOKMARK [2][-]{subsection.313}{\376\377\000B\000e\000n\000c\000h\000\040\000p\000o\000w\000e\000r\000\040\000s\000u\000p\000p\000l\000y}{section.312}% 312
\BOOKMARK [1][-]{section.314}{\376\377\000O\000s\000c\000i\000l\000l\000o\000s\000c\000o\000p\000e\000s}{chapter.311}% 313
\BOOKMARK [2][-]{subsection.315}{\376\377\000P\000r\000o\000b\000e\000s}{section.314}% 314
\BOOKMARK [3][-]{subsubsection.316}{\376\377\000I\000s\000o\000l\000a\000t\000i\000o\000n}{subsection.315}% 315
\BOOKMARK [3][-]{subsubsection.317}{\376\377\000T\000y\000p\000e\000s}{subsection.315}% 316
\BOOKMARK [4][-]{section*.318}{\376\377\000P\000a\000s\000s\000i\000v\000e\000\040\000p\000r\000o\000b\000e\000s}{subsubsection.317}% 317
\BOOKMARK [2][-]{subsection.319}{\376\377\000C\000o\000n\000t\000r\000o\000l\000s}{section.314}% 318
\BOOKMARK [0][-]{appendix.320}{\376\377\000S\000y\000m\000b\000o\000l\000s\000\040\000a\000n\000d\000\040\000c\000o\000n\000s\000t\000a\000n\000t\000s}{part.308}% 319
\BOOKMARK [0][-]{appendix.321}{\376\377\000F\000o\000r\000m\000u\000l\000a\000\040\000r\000e\000f\000e\000r\000e\000n\000c\000e}{part.308}% 320
\BOOKMARK [0][-]{appendix.322}{\376\377\000B\000i\000b\000l\000i\000o\000g\000r\000a\000p\000h\000y}{part.308}% 321
